<?xml version="1.0" encoding="UTF-8"?>
<!-- Generated by org.testng.reporters.JUnitXMLReporter -->
<testsuite ignored="0" hostname="DESKTOP-F2FBM12" failures="1" tests="14" name="Tutorialsninja Testcases" time="35.349" errors="0" timestamp="2025-11-05T16:38:53 IST">
  <testcase classname="com.tutorialsninja.qa.testcases.Register" name="verifyAccountWithMandatoryField" time="1.166"/>
  <testcase classname="com.tutorialsninja.qa.testcases.Register" name="verifyAccountWithAllFields" time="1.086"/>
  <testcase classname="com.tutorialsninja.qa.testcases.Register" name="verifyAccountWithExistingMail" time="0.773"/>
  <testcase classname="com.tutorialsninja.qa.testcases.Register" name="verifyAccountWithoutMandatoryFields" time="0.489"/>
  <testcase classname="com.tutorialsninja.qa.testcases.Login" name="loginWithValidCredentials" time="0.824"/>
  <testcase classname="com.tutorialsninja.qa.testcases.Login" name="loginWithValidCredentials" time="1.012"/>
  <testcase classname="com.tutorialsninja.qa.testcases.Login" name="loginWithValidCredentials" time="0.78"/>
  <testcase classname="com.tutorialsninja.qa.testcases.Login" name="loginWithInvalidCredentials" time="0.696"/>
  <testcase classname="com.tutorialsninja.qa.testcases.Login" name="loginWithInvalidEmailAndValidPassword" time="0.094">
    <failure type="java.lang.IllegalArgumentException" message="Keys to send should be a not null CharSequence">
      <![CDATA[java.lang.IllegalArgumentException: Keys to send should be a not null CharSequence
at org.openqa.selenium.remote.RemoteWebElement.sendKeys(RemoteWebElement.java:96)
at org.openqa.selenium.support.pagefactory.internal.LocatingElementHandler.invoke(LocatingElementHandler.java:51)
at jdk.proxy2/jdk.proxy2.$Proxy15.sendKeys(Unknown Source)
at com.tutorialsninja.qa.pages.LoginPage.enterPassword(LoginPage.java:34)
at com.tutorialsninja.qa.testcases.Login.loginWithInvalidEmailAndValidPassword(Login.java:50)
at java.base/java.util.ArrayList.forEach(ArrayList.java:1596)
... Removed 27 stack frames]]>
    </failure>
  </testcase> <!-- loginWithInvalidEmailAndValidPassword -->
  <testcase classname="com.tutorialsninja.qa.testcases.Login" name="loginWithValidEmailAndInvalidPassword" time="0.7"/>
  <testcase classname="com.tutorialsninja.qa.testcases.Login" name="loginWithoutCredentials" time="0.663"/>
  <testcase classname="com.tutorialsninja.qa.testcases.Search" name="searchWithValidProduct" time="0.322"/>
  <testcase classname="com.tutorialsninja.qa.testcases.Search" name="searchWithInvalidProduct" time="0.286"/>
  <testcase classname="com.tutorialsninja.qa.testcases.Search" name="searchWithoutProduct" time="0.259"/>
</testsuite> <!-- Tutorialsninja Testcases -->
