<?xml version="1.0" encoding="UTF-8"?>
<!-- Generated by org.testng.reporters.JUnitXMLReporter -->
<testsuite ignored="0" hostname="DESKTOP-F2FBM12" failures="0" tests="7" name="Default test" time="27.675" errors="0" timestamp="2025-11-05T11:23:36 IST">
  <testcase classname="com.tutorialsninja.qa.testcases.Login" name="loginWithValidCredentials" time="1.427"/>
  <testcase classname="com.tutorialsninja.qa.testcases.Login" name="loginWithValidCredentials" time="1.399"/>
  <testcase classname="com.tutorialsninja.qa.testcases.Login" name="loginWithValidCredentials" time="1.344"/>
  <testcase classname="com.tutorialsninja.qa.testcases.Login" name="loginWithInvalidCredentials" time="1.097"/>
  <testcase classname="com.tutorialsninja.qa.testcases.Login" name="loginWithInvalidEmailAndValidPassword" time="1.469"/>
  <testcase classname="com.tutorialsninja.qa.testcases.Login" name="loginWithValidEmailAndInvalidPassword" time="1.399"/>
  <testcase classname="com.tutorialsninja.qa.testcases.Login" name="loginWithoutCredentials" time="0.99"/>
</testsuite> <!-- Default test -->
