<?xml version="1.0" encoding="UTF-8"?>
<testng-results ignored="0" total="14" passed="13" failed="1" skipped="0">
  <reporter-output>
  </reporter-output>
  <suite started-at="2025-11-05T16:38:17 IST" name="Tutorialsninja Automation Suite" finished-at="2025-11-05T16:38:52 IST" duration-ms="35349">
    <groups>
    </groups>
    <test started-at="2025-11-05T16:38:17 IST" name="Tutorialsninja Testcases" finished-at="2025-11-05T16:38:52 IST" duration-ms="35349">
      <class name="com.tutorialsninja.qa.testcases.Search">
        <test-method is-config="true" signature="setup()[pri:0, instance:com.tutorialsninja.qa.testcases.Search@65e98b1c]" started-at="2025-11-05T16:38:47 IST" name="setup" finished-at="2025-11-05T16:38:48 IST" duration-ms="1361" status="PASS">
          <reporter-output>
          </reporter-output>
        </test-method> <!-- setup -->
        <test-method signature="searchWithValidProduct()[pri:1, instance:com.tutorialsninja.qa.testcases.Search@65e98b1c]" started-at="2025-11-05T16:38:48 IST" name="searchWithValidProduct" finished-at="2025-11-05T16:38:49 IST" duration-ms="322" status="PASS">
          <reporter-output>
          </reporter-output>
        </test-method> <!-- searchWithValidProduct -->
        <test-method is-config="true" signature="tearDown()[pri:0, instance:com.tutorialsninja.qa.testcases.Search@65e98b1c]" started-at="2025-11-05T16:38:49 IST" name="tearDown" finished-at="2025-11-05T16:38:49 IST" duration-ms="142" status="PASS">
          <reporter-output>
          </reporter-output>
        </test-method> <!-- tearDown -->
        <test-method is-config="true" signature="setup()[pri:0, instance:com.tutorialsninja.qa.testcases.Search@65e98b1c]" started-at="2025-11-05T16:38:49 IST" name="setup" finished-at="2025-11-05T16:38:50 IST" duration-ms="1215" status="PASS">
          <reporter-output>
          </reporter-output>
        </test-method> <!-- setup -->
        <test-method signature="searchWithInvalidProduct()[pri:2, instance:com.tutorialsninja.qa.testcases.Search@65e98b1c]" started-at="2025-11-05T16:38:50 IST" name="searchWithInvalidProduct" finished-at="2025-11-05T16:38:50 IST" duration-ms="286" status="PASS">
          <reporter-output>
          </reporter-output>
        </test-method> <!-- searchWithInvalidProduct -->
        <test-method is-config="true" signature="tearDown()[pri:0, instance:com.tutorialsninja.qa.testcases.Search@65e98b1c]" started-at="2025-11-05T16:38:50 IST" name="tearDown" finished-at="2025-11-05T16:38:50 IST" duration-ms="139" status="PASS">
          <reporter-output>
          </reporter-output>
        </test-method> <!-- tearDown -->
        <test-method is-config="true" signature="setup()[pri:0, instance:com.tutorialsninja.qa.testcases.Search@65e98b1c]" started-at="2025-11-05T16:38:50 IST" name="setup" finished-at="2025-11-05T16:38:52 IST" duration-ms="1273" status="PASS">
          <reporter-output>
          </reporter-output>
        </test-method> <!-- setup -->
        <test-method signature="searchWithoutProduct()[pri:3, instance:com.tutorialsninja.qa.testcases.Search@65e98b1c]" started-at="2025-11-05T16:38:52 IST" name="searchWithoutProduct" finished-at="2025-11-05T16:38:52 IST" duration-ms="259" status="PASS">
          <reporter-output>
          </reporter-output>
        </test-method> <!-- searchWithoutProduct -->
        <test-method is-config="true" signature="tearDown()[pri:0, instance:com.tutorialsninja.qa.testcases.Search@65e98b1c]" started-at="2025-11-05T16:38:52 IST" name="tearDown" finished-at="2025-11-05T16:38:52 IST" duration-ms="110" status="PASS">
          <reporter-output>
          </reporter-output>
        </test-method> <!-- tearDown -->
      </class> <!-- com.tutorialsninja.qa.testcases.Search -->
      <class name="com.tutorialsninja.qa.testcases.Register">
        <test-method is-config="true" signature="setUp()[pri:0, instance:com.tutorialsninja.qa.testcases.Register@dd05255]" started-at="2025-11-05T16:38:17 IST" name="setUp" finished-at="2025-11-05T16:38:19 IST" duration-ms="2253" status="PASS">
          <reporter-output>
          </reporter-output>
        </test-method> <!-- setUp -->
        <test-method signature="verifyAccountWithMandatoryField()[pri:1, instance:com.tutorialsninja.qa.testcases.Register@dd05255]" started-at="2025-11-05T16:38:19 IST" name="verifyAccountWithMandatoryField" finished-at="2025-11-05T16:38:20 IST" duration-ms="1166" status="PASS">
          <reporter-output>
          </reporter-output>
        </test-method> <!-- verifyAccountWithMandatoryField -->
        <test-method is-config="true" signature="tearDown()[pri:0, instance:com.tutorialsninja.qa.testcases.Register@dd05255]" started-at="2025-11-05T16:38:20 IST" name="tearDown" finished-at="2025-11-05T16:38:20 IST" duration-ms="141" status="PASS">
          <reporter-output>
          </reporter-output>
        </test-method> <!-- tearDown -->
        <test-method is-config="true" signature="setUp()[pri:0, instance:com.tutorialsninja.qa.testcases.Register@dd05255]" started-at="2025-11-05T16:38:20 IST" name="setUp" finished-at="2025-11-05T16:38:22 IST" duration-ms="1805" status="PASS">
          <reporter-output>
          </reporter-output>
        </test-method> <!-- setUp -->
        <test-method signature="verifyAccountWithAllFields()[pri:2, instance:com.tutorialsninja.qa.testcases.Register@dd05255]" started-at="2025-11-05T16:38:22 IST" name="verifyAccountWithAllFields" finished-at="2025-11-05T16:38:23 IST" duration-ms="1086" status="PASS">
          <reporter-output>
          </reporter-output>
        </test-method> <!-- verifyAccountWithAllFields -->
        <test-method is-config="true" signature="tearDown()[pri:0, instance:com.tutorialsninja.qa.testcases.Register@dd05255]" started-at="2025-11-05T16:38:23 IST" name="tearDown" finished-at="2025-11-05T16:38:23 IST" duration-ms="133" status="PASS">
          <reporter-output>
          </reporter-output>
        </test-method> <!-- tearDown -->
        <test-method is-config="true" signature="setUp()[pri:0, instance:com.tutorialsninja.qa.testcases.Register@dd05255]" started-at="2025-11-05T16:38:23 IST" name="setUp" finished-at="2025-11-05T16:38:25 IST" duration-ms="1619" status="PASS">
          <reporter-output>
          </reporter-output>
        </test-method> <!-- setUp -->
        <test-method signature="verifyAccountWithExistingMail()[pri:3, instance:com.tutorialsninja.qa.testcases.Register@dd05255]" started-at="2025-11-05T16:38:25 IST" name="verifyAccountWithExistingMail" finished-at="2025-11-05T16:38:26 IST" duration-ms="773" status="PASS">
          <reporter-output>
          </reporter-output>
        </test-method> <!-- verifyAccountWithExistingMail -->
        <test-method is-config="true" signature="tearDown()[pri:0, instance:com.tutorialsninja.qa.testcases.Register@dd05255]" started-at="2025-11-05T16:38:26 IST" name="tearDown" finished-at="2025-11-05T16:38:26 IST" duration-ms="132" status="PASS">
          <reporter-output>
          </reporter-output>
        </test-method> <!-- tearDown -->
        <test-method is-config="true" signature="setUp()[pri:0, instance:com.tutorialsninja.qa.testcases.Register@dd05255]" started-at="2025-11-05T16:38:26 IST" name="setUp" finished-at="2025-11-05T16:38:28 IST" duration-ms="1668" status="PASS">
          <reporter-output>
          </reporter-output>
        </test-method> <!-- setUp -->
        <test-method signature="verifyAccountWithoutMandatoryFields()[pri:4, instance:com.tutorialsninja.qa.testcases.Register@dd05255]" started-at="2025-11-05T16:38:28 IST" name="verifyAccountWithoutMandatoryFields" finished-at="2025-11-05T16:38:28 IST" duration-ms="489" status="PASS">
          <reporter-output>
          </reporter-output>
        </test-method> <!-- verifyAccountWithoutMandatoryFields -->
        <test-method is-config="true" signature="tearDown()[pri:0, instance:com.tutorialsninja.qa.testcases.Register@dd05255]" started-at="2025-11-05T16:38:28 IST" name="tearDown" finished-at="2025-11-05T16:38:28 IST" duration-ms="141" status="PASS">
          <reporter-output>
          </reporter-output>
        </test-method> <!-- tearDown -->
      </class> <!-- com.tutorialsninja.qa.testcases.Register -->
      <class name="com.tutorialsninja.qa.testcases.Login">
        <test-method is-config="true" signature="setUp()[pri:0, instance:com.tutorialsninja.qa.testcases.Login@1ff4931d]" started-at="2025-11-05T16:38:29 IST" name="setUp" finished-at="2025-11-05T16:38:30 IST" duration-ms="1622" status="PASS">
          <reporter-output>
          </reporter-output>
        </test-method> <!-- setUp -->
        <test-method signature="loginWithValidCredentials(java.lang.String,java.lang.String)[pri:1, instance:com.tutorialsninja.qa.testcases.Login@1ff4931d]" started-at="2025-11-05T16:38:30 IST" name="loginWithValidCredentials" data-provider="validCredentialSupplier" finished-at="2025-11-05T16:38:31 IST" duration-ms="824" status="PASS">
          <params>
            <param index="0">
              <value>
                <![CDATA[harioz1515@gmail.com]]>
              </value>
            </param>
            <param index="1">
              <value>
                <![CDATA[12345]]>
              </value>
            </param>
          </params>
          <reporter-output>
          </reporter-output>
        </test-method> <!-- loginWithValidCredentials -->
        <test-method is-config="true" signature="tearDown()[pri:0, instance:com.tutorialsninja.qa.testcases.Login@1ff4931d]" started-at="2025-11-05T16:38:31 IST" name="tearDown" finished-at="2025-11-05T16:38:31 IST" duration-ms="142" status="PASS">
          <reporter-output>
          </reporter-output>
        </test-method> <!-- tearDown -->
        <test-method is-config="true" signature="setUp()[pri:0, instance:com.tutorialsninja.qa.testcases.Login@1ff4931d]" started-at="2025-11-05T16:38:31 IST" name="setUp" finished-at="2025-11-05T16:38:34 IST" duration-ms="2609" status="PASS">
          <reporter-output>
          </reporter-output>
        </test-method> <!-- setUp -->
        <test-method signature="loginWithValidCredentials(java.lang.String,java.lang.String)[pri:1, instance:com.tutorialsninja.qa.testcases.Login@1ff4931d]" started-at="2025-11-05T16:38:34 IST" name="loginWithValidCredentials" data-provider="validCredentialSupplier" finished-at="2025-11-05T16:38:35 IST" duration-ms="1012" status="PASS">
          <params>
            <param index="0">
              <value>
                <![CDATA[haribale1515@gmail.com]]>
              </value>
            </param>
            <param index="1">
              <value>
                <![CDATA[12345]]>
              </value>
            </param>
          </params>
          <reporter-output>
          </reporter-output>
        </test-method> <!-- loginWithValidCredentials -->
        <test-method is-config="true" signature="tearDown()[pri:0, instance:com.tutorialsninja.qa.testcases.Login@1ff4931d]" started-at="2025-11-05T16:38:35 IST" name="tearDown" finished-at="2025-11-05T16:38:35 IST" duration-ms="153" status="PASS">
          <reporter-output>
          </reporter-output>
        </test-method> <!-- tearDown -->
        <test-method is-config="true" signature="setUp()[pri:0, instance:com.tutorialsninja.qa.testcases.Login@1ff4931d]" started-at="2025-11-05T16:38:35 IST" name="setUp" finished-at="2025-11-05T16:38:37 IST" duration-ms="1990" status="PASS">
          <reporter-output>
          </reporter-output>
        </test-method> <!-- setUp -->
        <test-method signature="loginWithValidCredentials(java.lang.String,java.lang.String)[pri:1, instance:com.tutorialsninja.qa.testcases.Login@1ff4931d]" started-at="2025-11-05T16:38:37 IST" name="loginWithValidCredentials" data-provider="validCredentialSupplier" finished-at="2025-11-05T16:38:38 IST" duration-ms="780" status="PASS">
          <params>
            <param index="0">
              <value>
                <![CDATA[test1515@gmail.com]]>
              </value>
            </param>
            <param index="1">
              <value>
                <![CDATA[12345]]>
              </value>
            </param>
          </params>
          <reporter-output>
          </reporter-output>
        </test-method> <!-- loginWithValidCredentials -->
        <test-method is-config="true" signature="tearDown()[pri:0, instance:com.tutorialsninja.qa.testcases.Login@1ff4931d]" started-at="2025-11-05T16:38:38 IST" name="tearDown" finished-at="2025-11-05T16:38:38 IST" duration-ms="127" status="PASS">
          <reporter-output>
          </reporter-output>
        </test-method> <!-- tearDown -->
        <test-method is-config="true" signature="setUp()[pri:0, instance:com.tutorialsninja.qa.testcases.Login@1ff4931d]" started-at="2025-11-05T16:38:38 IST" name="setUp" finished-at="2025-11-05T16:38:39 IST" duration-ms="1484" status="PASS">
          <reporter-output>
          </reporter-output>
        </test-method> <!-- setUp -->
        <test-method signature="loginWithInvalidCredentials()[pri:2, instance:com.tutorialsninja.qa.testcases.Login@1ff4931d]" started-at="2025-11-05T16:38:39 IST" name="loginWithInvalidCredentials" finished-at="2025-11-05T16:38:40 IST" duration-ms="696" status="PASS">
          <reporter-output>
          </reporter-output>
        </test-method> <!-- loginWithInvalidCredentials -->
        <test-method is-config="true" signature="tearDown()[pri:0, instance:com.tutorialsninja.qa.testcases.Login@1ff4931d]" started-at="2025-11-05T16:38:40 IST" name="tearDown" finished-at="2025-11-05T16:38:40 IST" duration-ms="124" status="PASS">
          <reporter-output>
          </reporter-output>
        </test-method> <!-- tearDown -->
        <test-method is-config="true" signature="setUp()[pri:0, instance:com.tutorialsninja.qa.testcases.Login@1ff4931d]" started-at="2025-11-05T16:38:40 IST" name="setUp" finished-at="2025-11-05T16:38:42 IST" duration-ms="1517" status="PASS">
          <reporter-output>
          </reporter-output>
        </test-method> <!-- setUp -->
        <test-method signature="loginWithInvalidEmailAndValidPassword()[pri:3, instance:com.tutorialsninja.qa.testcases.Login@1ff4931d]" started-at="2025-11-05T16:38:42 IST" name="loginWithInvalidEmailAndValidPassword" finished-at="2025-11-05T16:38:42 IST" duration-ms="94" status="FAIL">
          <exception class="java.lang.IllegalArgumentException">
            <message>
              <![CDATA[Keys to send should be a not null CharSequence]]>
            </message>
            <full-stacktrace>
              <![CDATA[java.lang.IllegalArgumentException: Keys to send should be a not null CharSequence
at org.openqa.selenium.remote.RemoteWebElement.sendKeys(RemoteWebElement.java:96)
at java.base/jdk.internal.reflect.DirectMethodHandleAccessor.invoke(DirectMethodHandleAccessor.java:103)
at java.base/java.lang.reflect.Method.invoke(Method.java:580)
at org.openqa.selenium.support.pagefactory.internal.LocatingElementHandler.invoke(LocatingElementHandler.java:51)
at jdk.proxy2/jdk.proxy2.$Proxy15.sendKeys(Unknown Source)
at com.tutorialsninja.qa.pages.LoginPage.enterPassword(LoginPage.java:34)
at com.tutorialsninja.qa.testcases.Login.loginWithInvalidEmailAndValidPassword(Login.java:50)
at java.base/jdk.internal.reflect.DirectMethodHandleAccessor.invoke(DirectMethodHandleAccessor.java:103)
at java.base/java.lang.reflect.Method.invoke(Method.java:580)
at org.testng.internal.invokers.MethodInvocationHelper.invokeMethod(MethodInvocationHelper.java:141)
at org.testng.internal.invokers.TestInvoker.invokeMethod(TestInvoker.java:687)
at org.testng.internal.invokers.TestInvoker.invokeTestMethod(TestInvoker.java:230)
at org.testng.internal.invokers.MethodRunner.runInSequence(MethodRunner.java:63)
at org.testng.internal.invokers.TestInvoker$MethodInvocationAgent.invoke(TestInvoker.java:995)
at org.testng.internal.invokers.TestInvoker.invokeTestMethods(TestInvoker.java:203)
at org.testng.internal.invokers.TestMethodWorker.invokeTestMethods(TestMethodWorker.java:154)
at org.testng.internal.invokers.TestMethodWorker.run(TestMethodWorker.java:134)
at java.base/java.util.ArrayList.forEach(ArrayList.java:1596)
at org.testng.TestRunner.privateRun(TestRunner.java:741)
at org.testng.TestRunner.run(TestRunner.java:616)
at org.testng.SuiteRunner.runTest(SuiteRunner.java:421)
at org.testng.SuiteRunner.runSequentially(SuiteRunner.java:413)
at org.testng.SuiteRunner.privateRun(SuiteRunner.java:373)
at org.testng.SuiteRunner.run(SuiteRunner.java:312)
at org.testng.SuiteRunnerWorker.runSuite(SuiteRunnerWorker.java:52)
at org.testng.SuiteRunnerWorker.run(SuiteRunnerWorker.java:95)
at org.testng.TestNG.runSuitesSequentially(TestNG.java:1274)
at org.testng.TestNG.runSuitesLocally(TestNG.java:1208)
at org.testng.TestNG.runSuites(TestNG.java:1112)
at org.testng.TestNG.run(TestNG.java:1079)
at org.testng.remote.AbstractRemoteTestNG.run(AbstractRemoteTestNG.java:115)
at org.testng.remote.RemoteTestNG.initAndRun(RemoteTestNG.java:293)
at org.testng.remote.RemoteTestNG.main(RemoteTestNG.java:91)
]]>
            </full-stacktrace>
          </exception> <!-- java.lang.IllegalArgumentException -->
          <reporter-output>
          </reporter-output>
        </test-method> <!-- loginWithInvalidEmailAndValidPassword -->
        <test-method is-config="true" signature="tearDown()[pri:0, instance:com.tutorialsninja.qa.testcases.Login@1ff4931d]" started-at="2025-11-05T16:38:42 IST" name="tearDown" finished-at="2025-11-05T16:38:42 IST" duration-ms="135" status="PASS">
          <reporter-output>
          </reporter-output>
        </test-method> <!-- tearDown -->
        <test-method is-config="true" signature="setUp()[pri:0, instance:com.tutorialsninja.qa.testcases.Login@1ff4931d]" started-at="2025-11-05T16:38:42 IST" name="setUp" finished-at="2025-11-05T16:38:44 IST" duration-ms="1544" status="PASS">
          <reporter-output>
          </reporter-output>
        </test-method> <!-- setUp -->
        <test-method signature="loginWithValidEmailAndInvalidPassword()[pri:4, instance:com.tutorialsninja.qa.testcases.Login@1ff4931d]" started-at="2025-11-05T16:38:44 IST" name="loginWithValidEmailAndInvalidPassword" finished-at="2025-11-05T16:38:44 IST" duration-ms="700" status="PASS">
          <reporter-output>
          </reporter-output>
        </test-method> <!-- loginWithValidEmailAndInvalidPassword -->
        <test-method is-config="true" signature="tearDown()[pri:0, instance:com.tutorialsninja.qa.testcases.Login@1ff4931d]" started-at="2025-11-05T16:38:44 IST" name="tearDown" finished-at="2025-11-05T16:38:45 IST" duration-ms="148" status="PASS">
          <reporter-output>
          </reporter-output>
        </test-method> <!-- tearDown -->
        <test-method is-config="true" signature="setUp()[pri:0, instance:com.tutorialsninja.qa.testcases.Login@1ff4931d]" started-at="2025-11-05T16:38:45 IST" name="setUp" finished-at="2025-11-05T16:38:46 IST" duration-ms="1536" status="PASS">
          <reporter-output>
          </reporter-output>
        </test-method> <!-- setUp -->
        <test-method signature="loginWithoutCredentials()[pri:5, instance:com.tutorialsninja.qa.testcases.Login@1ff4931d]" started-at="2025-11-05T16:38:46 IST" name="loginWithoutCredentials" finished-at="2025-11-05T16:38:47 IST" duration-ms="663" status="PASS">
          <reporter-output>
          </reporter-output>
        </test-method> <!-- loginWithoutCredentials -->
        <test-method is-config="true" signature="tearDown()[pri:0, instance:com.tutorialsninja.qa.testcases.Login@1ff4931d]" started-at="2025-11-05T16:38:47 IST" name="tearDown" finished-at="2025-11-05T16:38:47 IST" duration-ms="115" status="PASS">
          <reporter-output>
          </reporter-output>
        </test-method> <!-- tearDown -->
      </class> <!-- com.tutorialsninja.qa.testcases.Login -->
    </test> <!-- Tutorialsninja Testcases -->
  </suite> <!-- Tutorialsninja Automation Suite -->
</testng-results>
