<?xml version="1.0" encoding="UTF-8"?>
<!-- Generated by org.testng.reporters.JUnitReportReporter -->
<testsuite hostname="DESKTOP-F2FBM12" failures="0" tests="3" name="com.tutorialsninja.qa.testcases.Search" time="5.107" errors="0" timestamp="2025-11-05T16:38:53 IST" skipped="0">
  <testcase classname="com.tutorialsninja.qa.testcases.Search" name="searchWithValidProduct" time="1.822"/>
  <testcase classname="com.tutorialsninja.qa.testcases.Search" name="searchWithInvalidProduct" time="1.701"/>
  <testcase classname="com.tutorialsninja.qa.testcases.Search" name="searchWithoutProduct" time="1.584"/>
</testsuite> <!-- com.tutorialsninja.qa.testcases.Search -->
