<?xml version="1.0" encoding="UTF-8"?>
<!-- Generated by org.testng.reporters.JUnitReportReporter -->
<testsuite hostname="DESKTOP-F2FBM12" failures="0" tests="4" name="com.tutorialsninja.qa.testcases.Register" time="11.406" errors="0" timestamp="2025-11-05T16:38:53 IST" skipped="0">
  <testcase classname="com.tutorialsninja.qa.testcases.Register" name="verifyAccountWithMandatoryField" time="3.112"/>
  <testcase classname="com.tutorialsninja.qa.testcases.Register" name="verifyAccountWithAllFields" time="2.887"/>
  <testcase classname="com.tutorialsninja.qa.testcases.Register" name="verifyAccountWithExistingMail" time="3.167"/>
  <testcase classname="com.tutorialsninja.qa.testcases.Register" name="verifyAccountWithoutMandatoryFields" time="2.240"/>
</testsuite> <!-- com.tutorialsninja.qa.testcases.Register -->
