<?xml version="1.0" encoding="UTF-8"?>
<!-- Generated by org.testng.reporters.JUnitReportReporter -->
<testsuite hostname="DESKTOP-F2FBM12" failures="0" tests="3" name="com.tutorialsninja.qa.testcases.Search" time="8.344" errors="0" timestamp="2025-11-05T21:46:28 IST" skipped="0">
  <testcase classname="com.tutorialsninja.qa.testcases.Search" name="searchWithValidProduct" time="2.662"/>
  <testcase classname="com.tutorialsninja.qa.testcases.Search" name="searchWithInvalidProduct" time="3.575"/>
  <testcase classname="com.tutorialsninja.qa.testcases.Search" name="searchWithoutProduct" time="2.107"/>
</testsuite> <!-- com.tutorialsninja.qa.testcases.Search -->
